###############################################################
#  Generated by:      Cadence Innovus 21.15-s110_1
#  OS:                Linux x86_64(Host ID user3.nielitchennai.edu.in)
#  Generated on:      Thu Mar 20 11:01:38 2025
#  Design:            single_port_ram
#  Command:           verifyMetalDensity -report single_port_ram.density.rpt
###############################################################

Verify Density report created on Thu Mar 20 11:01:38 2025

###############################################################
# Layer       M1 - Window size      : 88.7um X 87.9um
# Layer       M1 - Window step      : 88.7um X 87.9um
# Layer       M1 - Min Density      : 20%
# Layer       M1 - Pref Density     : 35%
# Layer       M1 - Max Density      : 65%
# Layer       M1 - Ext Density      : 35%
# Layer       M2 - Window size      : 88.7um X 87.9um
# Layer       M2 - Window step      : 88.7um X 87.9um
# Layer       M2 - Min Density      : 20%
# Layer       M2 - Pref Density     : 35%
# Layer       M2 - Max Density      : 65%
# Layer       M2 - Ext Density      : 35%
# Layer       M3 - Window size      : 88.7um X 87.9um
# Layer       M3 - Window step      : 88.7um X 87.9um
# Layer       M3 - Min Density      : 20%
# Layer       M3 - Pref Density     : 35%
# Layer       M3 - Max Density      : 65%
# Layer       M3 - Ext Density      : 35%
# Layer       M4 - Window size      : 88.7um X 87.9um
# Layer       M4 - Window step      : 88.7um X 87.9um
# Layer       M4 - Min Density      : 20%
# Layer       M4 - Pref Density     : 35%
# Layer       M4 - Max Density      : 65%
# Layer       M4 - Ext Density      : 35%
# Layer       M5 - Window size      : 88.7um X 87.9um
# Layer       M5 - Window step      : 88.7um X 87.9um
# Layer       M5 - Min Density      : 20%
# Layer       M5 - Pref Density     : 35%
# Layer       M5 - Max Density      : 65%
# Layer       M5 - Ext Density      : 35%
# Layer       M6 - Window size      : 88.7um X 87.9um
# Layer       M6 - Window step      : 88.7um X 87.9um
# Layer       M6 - Min Density      : 20%
# Layer       M6 - Pref Density     : 35%
# Layer       M6 - Max Density      : 65%
# Layer       M6 - Ext Density      : 35%
# Layer       M7 - Window size      : 88.7um X 87.9um
# Layer       M7 - Window step      : 88.7um X 87.9um
# Layer       M7 - Min Density      : 20%
# Layer       M7 - Pref Density     : 35%
# Layer       M7 - Max Density      : 65%
# Layer       M7 - Ext Density      : 35%
# Layer       M8 - Window size      : 88.7um X 87.9um
# Layer       M8 - Window step      : 88.7um X 87.9um
# Layer       M8 - Min Density      : 20%
# Layer       M8 - Pref Density     : 35%
# Layer       M8 - Max Density      : 65%
# Layer       M8 - Ext Density      : 35%
# Layer       M9 - Window size      : 88.7um X 87.9um
# Layer       M9 - Window step      : 88.7um X 87.9um
# Layer       M9 - Min Density      : 20%
# Layer       M9 - Pref Density     : 35%
# Layer       M9 - Max Density      : 65%
# Layer       M9 - Ext Density      : 35%
###############################################################


    Layer    Density(%)          Window  
***************************************************

      M7        0.35    (0 0) (88.74 87.87)

      M6        0.28    (0 0) (88.74 87.87)

      M5        0.35    (0 0) (88.74 87.87)

      M4        1.54    (0 0) (88.74 87.87)

      M3        6.78    (0 0) (88.74 87.87)

      M2        8.02    (0 0) (88.74 87.87)


A total of 6 density violation(s).
Windows < Min. Density = 6
Windows > Max. Density = 0
Windows < Min. Union. Density = 0
Windows > Max. Union. Density = 0
